<?xml version="1.0" encoding="UTF-8"?>
<testng-results ignored="0" total="7" passed="7" failed="0" skipped="0">
  <reporter-output>
  </reporter-output>
  <suite started-at="2023-06-08T10:48:45 IST" name="Suite" finished-at="2023-06-08T10:52:54 IST" duration-ms="248992">
    <groups>
      <group name="cucumber">
        <method signature="AbstractTestNGCucumberTests.runScenario(io.cucumber.testng.PickleWrapper,io.cucumber.testng.FeatureWrapper)[pri:0, instance:testrunner.Checkout_page_scenario_TestRunner@32b260fa]" name="runScenario" class="io.cucumber.testng.AbstractTestNGCucumberTests"/>
        <method signature="AbstractTestNGCucumberTests.runScenario(io.cucumber.testng.PickleWrapper,io.cucumber.testng.FeatureWrapper)[pri:0, instance:testrunner.Checkout_page_scenario_outlines_TestRunner@3e84448c]" name="runScenario" class="io.cucumber.testng.AbstractTestNGCucumberTests"/>
      </group> <!-- cucumber -->
    </groups>
    <test started-at="2023-06-08T10:48:45 IST" name="Test" finished-at="2023-06-08T10:52:54 IST" duration-ms="248992">
      <class name="testrunner.Checkout_page_scenario_TestRunner">
        <test-method is-config="true" signature="setUpClass(org.testng.ITestContext)[pri:0, instance:testrunner.Checkout_page_scenario_TestRunner@32b260fa]" started-at="2023-06-08T10:50:19 IST" name="setUpClass" finished-at="2023-06-08T10:50:19 IST" duration-ms="14" status="PASS">
          <params>
            <param index="0">
              <value>
                <![CDATA[org.testng.TestRunner@405d8a80]]>
              </value>
            </param>
          </params>
          <reporter-output>
          </reporter-output>
        </test-method> <!-- setUpClass -->
        <test-method signature="runScenario(io.cucumber.testng.PickleWrapper,io.cucumber.testng.FeatureWrapper)[pri:0, instance:testrunner.Checkout_page_scenario_TestRunner@32b260fa]" started-at="2023-06-08T10:50:19 IST" name="runScenario" description="Runs Cucumber Scenarios" data-provider="scenarios" finished-at="2023-06-08T10:50:45 IST" duration-ms="26203" status="PASS">
          <params>
            <param index="0">
              <value>
                <![CDATA["Verify  navigation of checkout information page"]]>
              </value>
            </param>
            <param index="1">
              <value>
                <![CDATA["Checkout page2"]]>
              </value>
            </param>
          </params>
          <reporter-output>
          </reporter-output>
        </test-method> <!-- runScenario -->
        <test-method signature="runScenario(io.cucumber.testng.PickleWrapper,io.cucumber.testng.FeatureWrapper)[pri:0, instance:testrunner.Checkout_page_scenario_TestRunner@32b260fa]" started-at="2023-06-08T10:50:45 IST" name="runScenario" description="Runs Cucumber Scenarios" data-provider="scenarios" finished-at="2023-06-08T10:51:23 IST" duration-ms="38163" status="PASS">
          <params>
            <param index="0">
              <value>
                <![CDATA["Verify  UI of checkout information page"]]>
              </value>
            </param>
            <param index="1">
              <value>
                <![CDATA["Checkout page2"]]>
              </value>
            </param>
          </params>
          <reporter-output>
          </reporter-output>
        </test-method> <!-- runScenario -->
        <test-method signature="runScenario(io.cucumber.testng.PickleWrapper,io.cucumber.testng.FeatureWrapper)[pri:0, instance:testrunner.Checkout_page_scenario_TestRunner@32b260fa]" started-at="2023-06-08T10:51:23 IST" name="runScenario" description="Runs Cucumber Scenarios" data-provider="scenarios" finished-at="2023-06-08T10:52:05 IST" duration-ms="41376" status="PASS">
          <params>
            <param index="0">
              <value>
                <![CDATA["Verify functionality in checkout overview page(Finish button is clickable)"]]>
              </value>
            </param>
            <param index="1">
              <value>
                <![CDATA["Checkout page2"]]>
              </value>
            </param>
          </params>
          <reporter-output>
          </reporter-output>
        </test-method> <!-- runScenario -->
        <test-method signature="runScenario(io.cucumber.testng.PickleWrapper,io.cucumber.testng.FeatureWrapper)[pri:0, instance:testrunner.Checkout_page_scenario_TestRunner@32b260fa]" started-at="2023-06-08T10:52:05 IST" name="runScenario" description="Runs Cucumber Scenarios" data-provider="scenarios" finished-at="2023-06-08T10:52:54 IST" duration-ms="49384" status="PASS">
          <params>
            <param index="0">
              <value>
                <![CDATA["Verify functionality of product purchase"]]>
              </value>
            </param>
            <param index="1">
              <value>
                <![CDATA["Checkout page2"]]>
              </value>
            </param>
          </params>
          <reporter-output>
          </reporter-output>
        </test-method> <!-- runScenario -->
        <test-method is-config="true" signature="tearDownClass()[pri:0, instance:testrunner.Checkout_page_scenario_TestRunner@32b260fa]" started-at="2023-06-08T10:52:54 IST" name="tearDownClass" finished-at="2023-06-08T10:52:54 IST" duration-ms="0" status="PASS">
          <reporter-output>
          </reporter-output>
        </test-method> <!-- tearDownClass -->
      </class> <!-- testrunner.Checkout_page_scenario_TestRunner -->
      <class name="testrunner.Checkout_page_scenario_outlines_TestRunner">
        <test-method is-config="true" signature="setUpClass(org.testng.ITestContext)[pri:0, instance:testrunner.Checkout_page_scenario_outlines_TestRunner@3e84448c]" started-at="2023-06-08T10:48:45 IST" name="setUpClass" finished-at="2023-06-08T10:48:46 IST" duration-ms="724" status="PASS">
          <params>
            <param index="0">
              <value>
                <![CDATA[org.testng.TestRunner@405d8a80]]>
              </value>
            </param>
          </params>
          <reporter-output>
          </reporter-output>
        </test-method> <!-- setUpClass -->
        <test-method signature="runScenario(io.cucumber.testng.PickleWrapper,io.cucumber.testng.FeatureWrapper)[pri:0, instance:testrunner.Checkout_page_scenario_outlines_TestRunner@3e84448c]" started-at="2023-06-08T10:48:46 IST" name="runScenario" description="Runs Cucumber Scenarios" data-provider="scenarios" finished-at="2023-06-08T10:49:19 IST" duration-ms="32629" status="PASS">
          <params>
            <param index="0">
              <value>
                <![CDATA["Verify checkout-step-one page functionality with valid data"]]>
              </value>
            </param>
            <param index="1">
              <value>
                <![CDATA["Checkout_Page"]]>
              </value>
            </param>
          </params>
          <reporter-output>
          </reporter-output>
        </test-method> <!-- runScenario -->
        <test-method signature="runScenario(io.cucumber.testng.PickleWrapper,io.cucumber.testng.FeatureWrapper)[pri:0, instance:testrunner.Checkout_page_scenario_outlines_TestRunner@3e84448c]" started-at="2023-06-08T10:49:19 IST" name="runScenario" description="Runs Cucumber Scenarios" data-provider="scenarios" finished-at="2023-06-08T10:49:50 IST" duration-ms="31223" status="PASS">
          <params>
            <param index="0">
              <value>
                <![CDATA["Verify checkout-step-one page functionality with valid data"]]>
              </value>
            </param>
            <param index="1">
              <value>
                <![CDATA["Checkout_Page"]]>
              </value>
            </param>
          </params>
          <reporter-output>
          </reporter-output>
        </test-method> <!-- runScenario -->
        <test-method signature="runScenario(io.cucumber.testng.PickleWrapper,io.cucumber.testng.FeatureWrapper)[pri:0, instance:testrunner.Checkout_page_scenario_outlines_TestRunner@3e84448c]" started-at="2023-06-08T10:49:50 IST" name="runScenario" description="Runs Cucumber Scenarios" data-provider="scenarios" finished-at="2023-06-08T10:50:19 IST" duration-ms="29141" status="PASS">
          <params>
            <param index="0">
              <value>
                <![CDATA["Verify checkout-step-one page functionality with invalid data"]]>
              </value>
            </param>
            <param index="1">
              <value>
                <![CDATA["Checkout_Page"]]>
              </value>
            </param>
          </params>
          <reporter-output>
          </reporter-output>
        </test-method> <!-- runScenario -->
        <test-method is-config="true" signature="tearDownClass()[pri:0, instance:testrunner.Checkout_page_scenario_outlines_TestRunner@3e84448c]" started-at="2023-06-08T10:50:19 IST" name="tearDownClass" finished-at="2023-06-08T10:50:19 IST" duration-ms="88" status="PASS">
          <reporter-output>
          </reporter-output>
        </test-method> <!-- tearDownClass -->
      </class> <!-- testrunner.Checkout_page_scenario_outlines_TestRunner -->
    </test> <!-- Test -->
  </suite> <!-- Suite -->
</testng-results>
