<?xml version="1.0" encoding="UTF-8"?>
<testng-results ignored="0" total="4" passed="4" failed="0" skipped="0">
  <reporter-output>
  </reporter-output>
  <suite started-at="2023-06-08T11:07:10 IST" name="Default suite" finished-at="2023-06-08T11:09:55 IST" duration-ms="165202">
    <groups>
      <group name="cucumber">
        <method signature="AbstractTestNGCucumberTests.runScenario(io.cucumber.testng.PickleWrapper,io.cucumber.testng.FeatureWrapper)[pri:0, instance:testrunner.Checkout_page_scenario_TestRunner@645aa696]" name="runScenario" class="io.cucumber.testng.AbstractTestNGCucumberTests"/>
      </group> <!-- cucumber -->
    </groups>
    <test started-at="2023-06-08T11:07:10 IST" name="Default test" finished-at="2023-06-08T11:09:55 IST" duration-ms="165202">
      <class name="testrunner.Checkout_page_scenario_TestRunner">
        <test-method is-config="true" signature="setUpClass(org.testng.ITestContext)[pri:0, instance:testrunner.Checkout_page_scenario_TestRunner@645aa696]" started-at="2023-06-08T11:07:10 IST" name="setUpClass" finished-at="2023-06-08T11:07:10 IST" duration-ms="232" status="PASS">
          <params>
            <param index="0">
              <value>
                <![CDATA[org.testng.TestRunner@66f5b8fe]]>
              </value>
            </param>
          </params>
          <reporter-output>
          </reporter-output>
        </test-method> <!-- setUpClass -->
        <test-method signature="runScenario(io.cucumber.testng.PickleWrapper,io.cucumber.testng.FeatureWrapper)[pri:0, instance:testrunner.Checkout_page_scenario_TestRunner@645aa696]" started-at="2023-06-08T11:07:10 IST" name="runScenario" description="Runs Cucumber Scenarios" data-provider="scenarios" finished-at="2023-06-08T11:07:39 IST" duration-ms="29449" status="PASS">
          <params>
            <param index="0">
              <value>
                <![CDATA["Verify  navigation of checkout information page"]]>
              </value>
            </param>
            <param index="1">
              <value>
                <![CDATA["Checkout page2"]]>
              </value>
            </param>
          </params>
          <reporter-output>
          </reporter-output>
        </test-method> <!-- runScenario -->
        <test-method signature="runScenario(io.cucumber.testng.PickleWrapper,io.cucumber.testng.FeatureWrapper)[pri:0, instance:testrunner.Checkout_page_scenario_TestRunner@645aa696]" started-at="2023-06-08T11:07:39 IST" name="runScenario" description="Runs Cucumber Scenarios" data-provider="scenarios" finished-at="2023-06-08T11:08:20 IST" duration-ms="40575" status="PASS">
          <params>
            <param index="0">
              <value>
                <![CDATA["Verify  UI of checkout information page"]]>
              </value>
            </param>
            <param index="1">
              <value>
                <![CDATA["Checkout page2"]]>
              </value>
            </param>
          </params>
          <reporter-output>
          </reporter-output>
        </test-method> <!-- runScenario -->
        <test-method signature="runScenario(io.cucumber.testng.PickleWrapper,io.cucumber.testng.FeatureWrapper)[pri:0, instance:testrunner.Checkout_page_scenario_TestRunner@645aa696]" started-at="2023-06-08T11:08:20 IST" name="runScenario" description="Runs Cucumber Scenarios" data-provider="scenarios" finished-at="2023-06-08T11:09:04 IST" duration-ms="43555" status="PASS">
          <params>
            <param index="0">
              <value>
                <![CDATA["Verify functionality in checkout overview page(Finish button is clickable)"]]>
              </value>
            </param>
            <param index="1">
              <value>
                <![CDATA["Checkout page2"]]>
              </value>
            </param>
          </params>
          <reporter-output>
          </reporter-output>
        </test-method> <!-- runScenario -->
        <test-method signature="runScenario(io.cucumber.testng.PickleWrapper,io.cucumber.testng.FeatureWrapper)[pri:0, instance:testrunner.Checkout_page_scenario_TestRunner@645aa696]" started-at="2023-06-08T11:09:04 IST" name="runScenario" description="Runs Cucumber Scenarios" data-provider="scenarios" finished-at="2023-06-08T11:09:55 IST" duration-ms="51335" status="PASS">
          <params>
            <param index="0">
              <value>
                <![CDATA["Verify functionality of product purchase"]]>
              </value>
            </param>
            <param index="1">
              <value>
                <![CDATA["Checkout page2"]]>
              </value>
            </param>
          </params>
          <reporter-output>
          </reporter-output>
        </test-method> <!-- runScenario -->
        <test-method is-config="true" signature="tearDownClass()[pri:0, instance:testrunner.Checkout_page_scenario_TestRunner@645aa696]" started-at="2023-06-08T11:09:55 IST" name="tearDownClass" finished-at="2023-06-08T11:09:55 IST" duration-ms="3" status="PASS">
          <reporter-output>
          </reporter-output>
        </test-method> <!-- tearDownClass -->
      </class> <!-- testrunner.Checkout_page_scenario_TestRunner -->
    </test> <!-- Default test -->
  </suite> <!-- Default suite -->
</testng-results>
